Actigo.obj : error LNK2001: symbole externe non résolu pnl_mat_get
BasketOption.obj : error LNK2001: symbole externe non résolu pnl_vect_free
BasketOption.obj : error LNK2001: symbole externe non résolu pnl_vect_copy
BasketOption.obj : error LNK2001: symbole externe non résolu pnl_vect_get
BlackScholesModel.obj : error LNK2001: symbole externe non résolu pnl_mat_set_row
BlackScholesModel.obj : error LNK2001: symbole externe non résolu pnl_mat_clone
BlackScholesModel.obj : error LNK2001: symbole externe non résolu pnl_mat_print
BlackScholesModel.obj : error LNK2001: symbole externe non résolu pnl_vect_set
BlackScholesModel.obj : error LNK2001: symbole externe non résolu pnl_vect_rng_normal_d
BlackScholesModel.obj : error LNK2001: symbole externe non résolu pnl_vect_print
BlackScholesModel.obj : error LNK2001: symbole externe non résolu pnl_vect_mult_vect_term
BlackScholesModel.obj : error LNK2001: symbole externe non résolu pnl_mat_mult_vect_inplace
BlackScholesModel.obj : error LNK2001: symbole externe non résolu pnl_mat_get_row
BlackScholesModel.obj : error LNK2001: symbole externe non résolu pnl_mat_chol
BlackScholesModel.obj : error LNK2001: symbole externe non résolu pnl_mat_copy
BlackScholesModel.obj : error LNK2001: symbole externe non résolu pnl_mat_free
BlackScholesModel.obj : error LNK2001: symbole externe non résolu pnl_vect_create
BlackScholesModel.obj : error LNK2001: symbole externe non résolu pnl_vect_clone
BlackScholesModel.obj : error LNK2001: symbole externe non résolu pnl_mat_set_subblock
Utils.obj : error LNK2001: symbole externe non résolu pnl_mat_create
Utils.obj : error LNK2001: symbole externe non résolu pnl_mat_lget
Utils.obj : error LNK2001: symbole externe non résolu pnl_mat_transpose
Utils.obj : error LNK2001: symbole externe non résolu pnl_mat_mult_mat
Utils.obj : error LNK2001: symbole externe non résolu pnl_mat_eigen
Utils.obj : error LNK2001: symbole externe non résolu pnl_mat_create_from_zero
AmericanPricer.obj : error LNK2001: symbole externe non résolu pnl_basis_eval
AmericanPricer.obj : error LNK2001: symbole externe non résolu pnl_vect_lget
AmericanPricer.obj : error LNK2001: symbole externe non résolu pnl_basis_free
AmericanPricer.obj : error LNK2001: symbole externe non résolu pnl_basis_create_from_degree
AmericanPricer.obj : error LNK2001: symbole externe non résolu pnl_basis_fit_ls
LongstaffSchwartz.obj : error LNK2001: symbole externe non résolu pnl_rng_create
LongstaffSchwartz.obj : error LNK2001: symbole externe non résolu pnl_rng_sseed
C:\Users\amaru_000\documents\visual studio 2015\Projects\LongstaffSchwartz\x64\Release\LongstaffSchwartz.exe : fatal error LNK1120: 32 externes non résolus
